<?xml version="1.0" encoding="UTF-8"?>
<testsuite name="todoLyTest.TestBaseAuthBasic" tests="1" skipped="0" failures="0" errors="0" timestamp="2023-10-18T22:09:00" hostname="DESKTOP-AHH8JHP" time="5.464">
  <properties/>
  <testcase name="deleteUser()" classname="todoLyTest.TestBaseAuthBasic" time="5.464"/>
  <system-out><![CDATA[Request method:	DELETE
Request URI:	https://todo.ly/api/user/0.json
Proxy:			<none>
Request params:	<none>
Query params:	<none>
Form params:	<none>
Path params:	<none>
Headers:		Authorization=Basic c2FtdWVsZXNjb2JhcmJlamFyYW5vQGdtYWlsLmNvbToxMjM0
				Accept=*/*
Cookies:		<none>
Multiparts:		<none>
Body:			<none>
HTTP/1.1 200 OK
Cache-Control: no-cache, no-store, must-revalidate
Pragma: no-cache
Content-Type: application/json; charset=utf-8
Expires: -1
Server: Microsoft-IIS/8.0
Set-Cookie: ASP.NET_SessionId=g1n24bfxyq4eb0nk0y2ovro3; path=/; HttpOnly; SameSite=Lax
X-AspNetMvc-Version: 2.0
X-AspNet-Version: 4.0.30319
X-Powered-By: ASP.NET
Date: Wed, 18 Oct 2023 22:09:01 GMT
Content-Length: 326

{
    "Id": 751080,
    "Email": "samuelescobarbejarano@gmail.com",
    "Password": null,
    "FullName": "Samuel Matias Escobar Bejarano",
    "TimeZone": 0,
    "IsProUser": false,
    "DefaultProjectId": 4151741,
    "AddItemMoreExpanded": false,
    "EditDueDateMoreExpanded": false,
    "ListSortType": 0,
    "FirstDayOfWeek": 0,
    "NewTaskDueDate": -1,
    "TimeZoneId": "Pacific Standard Time"
}
]]></system-out>
  <system-err><![CDATA[]]></system-err>
</testsuite>
