<?xml version="1.0" encoding="UTF-8"?>
<testsuite name="filaC.webUi.respuestas.RespuestaPreguntaCuatroTest" tests="1" skipped="0" failures="0" errors="0" timestamp="2023-10-20T20:25:05" hostname="DESKTOP-6R1SD89" time="8.407">
  <properties/>
  <testcase name="preguntaCuatro()" classname="filaC.webUi.respuestas.RespuestaPreguntaCuatroTest" time="8.407"/>
  <system-out><![CDATA[]]></system-out>
  <system-err><![CDATA[]]></system-err>
</testsuite>
